<?xml version="1.0" encoding="utf-8"?><testsuites name="pytest tests"><testsuite name="pytest" errors="0" failures="0" skipped="0" tests="817" time="119.275" timestamp="2026-08-08T15:04:32.179646+08:00" hostname="sunflower"><testcase classname="tests.architecture.test_import_boundary_mutations" name="test_forbidden_import_mutations_fail_with_the_expected_rule[domain-cannot-import-runtime]" time="0.042" /><testcase classname="tests.architecture.test_import_boundary_mutations" name="test_forbidden_import_mutations_fail_with_the_expected_rule[kernel-cannot-import-pandas]" time="0.042" /><testcase classname="tests.architecture.test_import_boundary_mutations" name="test_forbidden_import_mutations_fail_with_the_expected_rule[generic-kernel-cannot-import-concrete-profile]" time="0.041" /><testcase classname="tests.architecture.test_import_boundary_mutations" name="test_forbidden_import_mutations_fail_with_the_expected_rule[runtime-cannot-import-builder]" time="0.042" /><testcase classname="tests.architecture.test_import_boundary_mutations" name="test_forbidden_import_mutations_fail_with_the_expected_rule[generic-kernel-cannot-hide-profile-in-from-import]" time="0.042" /><testcase classname="tests.architecture.test_import_boundary_mutations" name="test_forbidden_import_mutations_fail_with_the_expected_rule[runtime-cannot-import-network-module]" time="0.042" /><testcase classname="tests.architecture.test_import_boundary_mutations" name="test_forbidden_import_mutations_fail_with_the_expected_rule[runtime-cannot-hide-network-module-in-from-import]" time="0.042" /><testcase classname="tests.architecture.test_import_boundary_mutations" name="test_forbidden_import_mutations_fail_with_the_expected_rule[nonliteral-dynamic-import-is-denied]" time="0.041" /><testcase classname="tests.architecture.test_import_boundary_mutations" name="test_forbidden_import_mutations_fail_with_the_expected_rule[aliased-builtins-dynamic-import-is-denied]" time="0.042" /><testcase classname="tests.architecture.test_import_boundary_mutations" name="test_forbidden_import_mutations_fail_with_the_expected_rule[cross-package-internal-module-is-denied]" time="0.040" /><testcase classname="tests.architecture.test_import_boundary_mutations" name="test_forbidden_import_mutations_fail_with_the_expected_rule[assigned-dynamic-import-alias-obeys-runtime-rules]" time="0.041" /><testcase classname="tests.architecture.test_import_boundary_mutations" name="test_forbidden_import_mutations_fail_with_the_expected_rule[dynamic-import-alias-before-rebind-is-not-erased]" time="0.042" /><testcase classname="tests.architecture.test_import_boundary_mutations" name="test_forbidden_import_mutations_fail_with_the_expected_rule[annotated-dynamic-import-alias-obeys-runtime-rules]" time="0.041" /><testcase classname="tests.architecture.test_import_boundary_mutations" name="test_forbidden_import_mutations_fail_with_the_expected_rule[bare-annotation-does-not-erase-dynamic-import-alias]" time="0.042" /><testcase classname="tests.architecture.test_import_boundary_mutations" name="test_forbidden_import_mutations_fail_with_the_expected_rule[rhs-call-before-rebind-remains-dynamic]" time="0.041" /><testcase classname="tests.architecture.test_import_boundary_mutations" name="test_forbidden_import_mutations_fail_with_the_expected_rule[conditional-rebind-does-not-erase-dynamic-import-alias]" time="0.042" /><testcase classname="tests.architecture.test_import_boundary_mutations" name="test_forbidden_import_mutations_fail_with_the_expected_rule[assigned-importlib-module-alias-obeys-runtime-rules]" time="0.044" /><testcase classname="tests.architecture.test_import_boundary_mutations" name="test_forbidden_import_mutations_fail_with_the_expected_rule[imported-builtins-dictionary-alias-obeys-runtime-rules]" time="0.040" /><testcase classname="tests.architecture.test_import_boundary_mutations" name="test_forbidden_import_mutations_fail_with_the_expected_rule[walrus-dynamic-import-alias-obeys-runtime-rules]" time="0.042" /><testcase classname="tests.architecture.test_import_boundary_mutations" name="test_forbidden_import_mutations_fail_with_the_expected_rule[unpacked-dynamic-import-alias-obeys-runtime-rules]" time="0.041" /><testcase classname="tests.architecture.test_import_boundary_mutations" name="test_forbidden_import_mutations_fail_with_the_expected_rule[literal-dynamic-import-obeys-workspace-rules]" time="0.043" /><testcase classname="tests.architecture.test_import_boundary_mutations" name="test_forbidden_import_mutations_fail_with_the_expected_rule[market-data-contracts-cannot-import-vendor-sdk]" time="0.042" /><testcase classname="tests.architecture.test_import_boundary_mutations" name="test_declared_workspace_dependency_directions_are_allowed" time="0.042" /><testcase classname="tests.architecture.test_import_boundary_mutations" name="test_unknown_policy_schema_fails_closed" time="0.042" /><testcase classname="tests.architecture.test_import_boundary_mutations" name="test_dynamic_allowance_requires_an_inferable_matching_prefix" time="0.042" /><testcase classname="tests.architecture.test_import_boundary_mutations" name="test_dynamic_allowance_accepts_only_its_declared_literal_prefix" time="0.043" /><testcase classname="tests.architecture.test_import_boundary_mutations" name="test_report_violations_have_canonical_sort_order" time="0.040" /><testcase classname="tests.architecture.test_import_boundary_mutations" name="test_boundary_report_is_byte_deterministic" time="0.079" /><testcase classname="tests.architecture.test_network_isolation" name="test_dns_and_socket_entry_points_are_blocked_before_syscall" time="0.000" /><testcase classname="tests.architecture.test_network_isolation" name="test_standard_library_http_entry_points_are_blocked_before_syscall" time="0.006" /><testcase classname="tests.architecture.test_package_imports" name="test_all_workspace_packages_import_and_build_as_wheels" time="1.051" /><testcase classname="tests.architecture.test_public_api_imports" name="test_every_workspace_package_has_an_importable_public_root" time="0.000" /><testcase classname="tests.architecture.test_public_api_imports" name="test_current_cross_package_imports_use_only_public_roots" time="0.403" /><testcase classname="tests.architecture.test_public_api_imports" name="test_boundary_checker_writes_only_its_declared_ignored_report" time="0.394" /><testcase classname="tests.architecture.test_repository_cleanliness" name="test_generated_workspace_outputs_are_git_ignored" time="0.005" /><testcase classname="tests.architecture.test_repository_cleanliness" name="test_acceptance_outputs_do_not_change_git_status" time="0.005" /><testcase classname="tests.architecture.test_workspace_smoke" name="test_workspace_matches_the_five_package_contract" time="0.001" /><testcase classname="tests.architecture.test_workspace_smoke" name="test_root_lock_is_current_for_python_313" time="0.008" /><testcase classname="tests.domain.accounting.test_accounting_contracts" name="test_price_purpose_is_typed_and_fill_rejects_raw_strings" time="0.000" /><testcase classname="tests.domain.accounting.test_accounting_contracts" name="test_balance_keys_and_changes_enforce_native_identity" time="0.000" /><testcase classname="tests.domain.accounting.test_accounting_contracts" name="test_journal_entry_has_stable_identity_sources_time_and_typed_changes" time="0.001" /><testcase classname="tests.domain.accounting.test_accounting_contracts" name="test_position_lot_and_position_balance_preserve_lot_provenance" time="0.000" /><testcase classname="tests.domain.accounting.test_accounting_contracts" name="test_cash_and_position_balances_are_typed_immutable_state_values" time="0.000" /><testcase classname="tests.domain.accounting.test_accounting_contracts" name="test_valuation_mark_reference_is_typed" time="0.000" /><testcase classname="tests.domain.accounting.test_accounting_contracts" name="test_snapshot_enforces_reporting_currency_marks_and_content_hashes" time="0.001" /><testcase classname="tests.domain.accounting.test_accounting_contracts" name="test_set_like_inputs_have_order_independent_canonical_hashes" time="0.002" /><testcase classname="tests.domain.accounting.test_accounting_golden" name="test_accounting_contracts_match_golden_hashes" time="0.001" /><testcase classname="tests.domain.accounting.test_accounting_golden" name="test_set_like_accounting_inputs_have_order_independent_hashes" time="0.002" /><testcase classname="tests.domain.artifacts.test_artifact_envelope_golden" name="test_current_artifact_envelope_matches_the_independent_golden_fixture" time="0.000" /><testcase classname="tests.domain.artifacts.test_schema_catalog" name="test_current_writer_produces_a_verified_canonical_envelope" time="0.000" /><testcase classname="tests.domain.artifacts.test_schema_catalog" name="test_reader_dispatches_only_after_integrity_checks_and_preserves_source" time="0.000" /><testcase classname="tests.domain.artifacts.test_schema_catalog" name="test_catalog_and_envelope_reject_invalid_registration_or_identity" time="0.000" /><testcase classname="tests.domain.artifacts.test_schema_catalog" name="test_unknown_type_and_noncurrent_version_fail_closed" time="0.000" /><testcase classname="tests.domain.artifacts.test_schema_catalog" name="test_reader_rejects_malformed_duplicate_or_noncanonical_json" time="0.000" /><testcase classname="tests.domain.artifacts.test_schema_catalog" name="test_reader_rejects_content_tampering_before_payload_dispatch" time="0.000" /><testcase classname="tests.domain.artifacts.test_schema_catalog" name="test_payload_reader_failure_is_wrapped_without_fallback" time="0.000" /><testcase classname="tests.domain.canonical.test_canonical_encoding" name="test_mapping_insertion_order_does_not_change_bytes_or_hash" time="0.000" /><testcase classname="tests.domain.canonical.test_canonical_encoding" name="test_domain_objects_are_encoded_only_through_canonical_dictionary" time="0.000" /><testcase classname="tests.domain.canonical.test_canonical_encoding" name="test_forbidden_canonical_values_fail_closed[1.0-float]" time="0.000" /><testcase classname="tests.domain.canonical.test_canonical_encoding" name="test_forbidden_canonical_values_fail_closed[value1-Decimal]" time="0.000" /><testcase classname="tests.domain.canonical.test_canonical_encoding" name="test_forbidden_canonical_values_fail_closed[value2-datetime]" time="0.000" /><testcase classname="tests.domain.canonical.test_canonical_encoding" name="test_forbidden_canonical_values_fail_closed[value3-date]" time="0.000" /><testcase classname="tests.domain.canonical.test_canonical_encoding" name="test_forbidden_canonical_values_fail_closed[bytes-bytes]" time="0.000" /><testcase classname="tests.domain.canonical.test_canonical_encoding" name="test_forbidden_canonical_values_fail_closed[value5-set]" time="0.000" /><testcase classname="tests.domain.canonical.test_canonical_encoding" name="test_forbidden_canonical_values_fail_closed[value6-mapping key]" time="0.000" /><testcase classname="tests.domain.canonical.test_canonical_encoding" name="test_forbidden_canonical_values_fail_closed[e\u0301-NFC]" time="0.000" /><testcase classname="tests.domain.canonical.test_canonical_encoding" name="test_arbitrary_size_integers_have_canonical_decimal_encoding" time="0.002" /><testcase classname="tests.domain.canonical.test_canonical_encoding" name="test_unknown_object_is_rejected" time="0.000" /><testcase classname="tests.domain.canonical.test_canonical_encoding" name="test_schema_identity_is_strict_and_changes_hash" time="0.000" /><testcase classname="tests.domain.canonical.test_canonical_golden" name="test_canonical_envelope_matches_controlled_bytes_and_hash" time="0.000" /><testcase classname="tests.domain.decisions.test_decision_contracts" name="test_candidate_preserves_invalid_decoded_data_without_becoming_authoritative" time="0.000" /><testcase classname="tests.domain.decisions.test_decision_contracts" name="test_candidate_rejects_non_data_objects_and_non_string_keys" time="0.000" /><testcase classname="tests.domain.decisions.test_decision_contracts" name="test_strategy_sleeve_and_target_scale_fail_closed" time="0.000" /><testcase classname="tests.domain.decisions.test_decision_contracts" name="test_snapshot_is_complete_atomic_and_rejects_duplicate_instruments" time="0.000" /><testcase classname="tests.domain.decisions.test_decision_contracts" name="test_validated_decision_enforces_time_confidence_and_canonical_evidence" time="0.000" /><testcase classname="tests.domain.decisions.test_decision_contracts" name="test_decision_batch_requires_one_time_and_unique_sleeves" time="0.000" /><testcase classname="tests.domain.decisions.test_decision_contracts" name="test_active_target_binds_typed_instrument_to_exact_quantity" time="0.000" /><testcase classname="tests.domain.decisions.test_target_decision_golden" name="test_candidate_fixture_preserves_duplicates_and_invalid_time" time="0.000" /><testcase classname="tests.domain.decisions.test_target_decision_golden" name="test_validated_decision_batch_and_active_target_match_golden_contract" time="0.001" /><testcase classname="tests.domain.execution.test_order_execution_contracts" name="test_order_intent_is_typed_venue_neutral_and_has_no_extension_escape_hatch" time="0.000" /><testcase classname="tests.domain.execution.test_order_execution_contracts" name="test_order_binds_order_identity_account_intent_and_creation_instant" time="0.000" /><testcase classname="tests.domain.execution.test_order_execution_contracts" name="test_order_event_requires_lifecycle_specific_evidence" time="0.000" /><testcase classname="tests.domain.execution.test_order_execution_contracts" name="test_order_state_enforces_quantity_projection_invariants" time="0.000" /><testcase classname="tests.domain.execution.test_order_execution_contracts" name="test_fill_preserves_execution_provenance_without_final_fee" time="0.000" /><testcase classname="tests.domain.execution.test_order_execution_contracts" name="test_fee_assessment_uses_typed_unique_basis_and_rule_provenance" time="0.001" /><testcase classname="tests.domain.execution.test_order_execution_contracts" name="test_settlement_obligation_has_exactly_one_typed_nonzero_leg" time="0.000" /><testcase classname="tests.domain.execution.test_order_execution_contracts" name="test_translation_report_cannot_hide_unsupported_semantics" time="0.000" /><testcase classname="tests.domain.execution.test_order_execution_golden" name="test_order_execution_objects_match_golden_hashes" time="0.001" /><testcase classname="tests.domain.execution.test_order_execution_golden" name="test_set_like_translation_and_fee_inputs_have_order_independent_hashes" time="0.001" /><testcase classname="tests.domain.identity.test_domain_ids" name="test_same_semantic_inputs_reproduce_the_same_id" time="0.000" /><testcase classname="tests.domain.identity.test_domain_ids" name="test_ordinal_prevents_identical_fill_economics_from_colliding" time="0.000" /><testcase classname="tests.domain.identity.test_domain_ids" name="test_attempt_identity_cannot_enter_the_derivation_interface" time="0.000" /><testcase classname="tests.domain.identity.test_domain_ids" name="test_namespace_version_changes_id_and_manifest" time="0.000" /><testcase classname="tests.domain.identity.test_domain_ids" name="test_identity_inputs_validate_fail_closed" time="0.000" /><testcase classname="tests.domain.identity.test_identity_golden" name="test_domain_id_matches_controlled_golden[order]" time="0.000" /><testcase classname="tests.domain.identity.test_identity_golden" name="test_domain_id_matches_controlled_golden[fill0]" time="0.000" /><testcase classname="tests.domain.identity.test_identity_golden" name="test_domain_id_matches_controlled_golden[fill1]" time="0.000" /><testcase classname="tests.domain.identity.test_identity_golden" name="test_domain_id_matches_controlled_golden[journal]" time="0.000" /><testcase classname="tests.domain.identity.test_identity_golden" name="test_fixture_algorithm_is_the_authoritative_v1_algorithm" time="0.000" /><testcase classname="tests.domain.instruments.test_identities" name="test_identity_values_are_canonical_and_symbol_independent" time="0.000" /><testcase classname="tests.domain.instruments.test_identities" name="test_identity_formats_fail_closed" time="0.000" /><testcase classname="tests.domain.instruments.test_identities" name="test_catalog_rejects_unknown_currency_reference" time="0.000" /><testcase classname="tests.domain.instruments.test_identities" name="test_catalog_rejects_duplicate_instrument_definition" time="0.000" /><testcase classname="tests.domain.instruments.test_identities" name="test_instrument_definition_is_immutable" time="0.000" /><testcase classname="tests.domain.instruments.test_symbol_timeline" name="test_symbol_rename_does_not_change_instrument_identity" time="0.000" /><testcase classname="tests.domain.instruments.test_symbol_timeline" name="test_timeline_rejects_overlap_and_invalid_interval" time="0.000" /><testcase classname="tests.domain.instruments.test_symbol_timeline" name="test_missing_symbol_at_instant_fails_closed" time="0.000" /><testcase classname="tests.domain.instruments.test_symbol_timeline" name="test_catalog_rejects_timeline_for_unknown_instrument" time="0.000" /><testcase classname="tests.domain.numeric.test_quantization" name="test_decimal_quantization_is_versioned_and_rounding_explicit" time="0.000" /><testcase classname="tests.domain.numeric.test_quantization" name="test_float_can_enter_only_through_quantization_policy" time="0.000" /><testcase classname="tests.domain.numeric.test_quantization" name="test_non_finite_float_is_rejected[nan]" time="0.000" /><testcase classname="tests.domain.numeric.test_quantization" name="test_non_finite_float_is_rejected[inf]" time="0.000" /><testcase classname="tests.domain.numeric.test_quantization" name="test_non_finite_float_is_rejected[-inf]" time="0.000" /><testcase classname="tests.domain.numeric.test_quantization" name="test_quantization_policy_requires_version" time="0.000" /><testcase classname="tests.domain.numeric.test_rounding" name="test_rescale_obeys_explicit_rounding_fixture[positive-tie-half-even]" time="0.000" /><testcase classname="tests.domain.numeric.test_rounding" name="test_rescale_obeys_explicit_rounding_fixture[positive-tie-half-up]" time="0.000" /><testcase classname="tests.domain.numeric.test_rounding" name="test_rescale_obeys_explicit_rounding_fixture[negative-toward-zero]" time="0.000" /><testcase classname="tests.domain.numeric.test_rounding" name="test_rescale_obeys_explicit_rounding_fixture[negative-away-from-zero]" time="0.000" /><testcase classname="tests.domain.numeric.test_rounding" name="test_rescale_obeys_explicit_rounding_fixture[negative-floor]" time="0.000" /><testcase classname="tests.domain.numeric.test_rounding" name="test_rescale_obeys_explicit_rounding_fixture[negative-ceiling]" time="0.000" /><testcase classname="tests.domain.numeric.test_rounding" name="test_rescale_obeys_explicit_rounding_fixture[zero]" time="0.000" /><testcase classname="tests.domain.numeric.test_rounding" name="test_rescale_obeys_explicit_rounding_fixture[scale-increase-large-integer]" time="0.000" /><testcase classname="tests.domain.numeric.test_rounding" name="test_rescale_requires_a_rounding_policy_even_when_increasing_scale" time="0.000" /><testcase classname="tests.domain.numeric.test_scaled_values" name="test_same_type_identity_and_scale_can_add" time="0.000" /><testcase classname="tests.domain.numeric.test_scaled_values" name="test_cross_domain_identity_and_scale_arithmetic_is_rejected" time="0.000" /><testcase classname="tests.domain.numeric.test_scaled_values" name="test_price_and_quantity_materialize_quote_currency_notional" time="0.000" /><testcase classname="tests.domain.numeric.test_scaled_values" name="test_product_supports_two_max_scale_operands_without_intermediate_scale" time="0.000" /><testcase classname="tests.domain.numeric.test_scaled_values" name="test_cross_type_multiplication_rejects_instrument_or_currency_mismatch" time="0.000" /><testcase classname="tests.domain.numeric.test_scaled_values" name="test_rate_application_and_division_require_explicit_result_scale" time="0.000" /><testcase classname="tests.domain.numeric.test_scaled_values" name="test_canonical_values_are_typed_and_contain_no_float" time="0.000" /><testcase classname="tests.domain.numeric.test_scaled_values" name="test_units_scale_and_identity_validate_fail_closed" time="0.000" /><testcase classname="tests.domain.profile_errors.test_profile_component_error_golden" name="test_profile_component_failure_catalog_matches_golden_fixture" time="0.000" /><testcase classname="tests.domain.profile_errors.test_profile_component_failures" name="test_reason_code_catalog_is_stable_and_complete" time="0.000" /><testcase classname="tests.domain.profile_errors.test_profile_component_failures" name="test_failure_is_an_immutable_minimal_canonical_value" time="0.000" /><testcase classname="tests.domain.profile_errors.test_profile_component_failures" name="test_failure_rejects_untyped_reason_codes[capability_missing-TypeError]" time="0.000" /><testcase classname="tests.domain.profile_errors.test_profile_component_failures" name="test_failure_rejects_untyped_reason_codes[None-TypeError]" time="0.000" /><testcase classname="tests.domain.profile_errors.test_profile_component_failures" name="test_failure_rejects_invalid_or_noncanonical_subject_keys[None-TypeError]" time="0.000" /><testcase classname="tests.domain.profile_errors.test_profile_component_failures" name="test_failure_rejects_invalid_or_noncanonical_subject_keys[1-TypeError]" time="0.000" /><testcase classname="tests.domain.profile_errors.test_profile_component_failures" name="test_failure_rejects_invalid_or_noncanonical_subject_keys[-ValueError]" time="0.000" /><testcase classname="tests.domain.profile_errors.test_profile_component_failures" name="test_failure_rejects_invalid_or_noncanonical_subject_keys[ leading-ValueError]" time="0.000" /><testcase classname="tests.domain.profile_errors.test_profile_component_failures" name="test_failure_rejects_invalid_or_noncanonical_subject_keys[trailing -ValueError]" time="0.000" /><testcase classname="tests.domain.profile_errors.test_profile_component_failures" name="test_failure_rejects_invalid_or_noncanonical_subject_keys[e\u0301-ValueError]" time="0.000" /><testcase classname="tests.domain.profile_errors.test_profile_component_failures" name="test_kernel_profile_outcome_accepts_the_shared_failure_contract" time="0.000" /><testcase classname="tests.domain.profile_errors.test_profile_component_failures" name="test_simulation_outcome_accepts_the_shared_failure_contract" time="0.000" /><testcase classname="tests.domain.time.test_local_time_resolution" name="test_ambiguous_local_time_requires_explicit_earlier_or_later" time="0.000" /><testcase classname="tests.domain.time.test_local_time_resolution" name="test_nonexistent_local_time_is_always_rejected" time="0.000" /><testcase classname="tests.domain.time.test_local_time_resolution" name="test_local_resolver_rejects_aware_input" time="0.000" /><testcase classname="tests.domain.time.test_simulation_instant" name="test_simulation_instant_has_stable_total_order" time="0.000" /><testcase classname="tests.domain.time.test_simulation_instant" name="test_phase_code_breaks_rank_tie_deterministically" time="0.000" /><testcase classname="tests.domain.time.test_simulation_instant" name="test_source_sequence_and_phase_validate" time="0.000" /><testcase classname="tests.domain.time.test_simulation_instant" name="test_trading_date_and_session_are_explicit_not_inferred_from_utc" time="0.000" /><testcase classname="tests.domain.time.test_utc_instant" name="test_aware_datetime_converts_without_float_timestamp" time="0.000" /><testcase classname="tests.domain.time.test_utc_instant" name="test_naive_datetime_is_rejected" time="0.000" /><testcase classname="tests.domain.time.test_utc_instant" name="test_submicrosecond_datetime_conversion_fails_closed" time="0.000" /><testcase classname="tests.domain.time.test_utc_instant" name="test_utc_instant_canonical_form_is_epoch_nanoseconds_only" time="0.000" /><testcase classname="tests.domain.time.test_utc_instant" name="test_epoch_nanoseconds_reject_bool_and_float" time="0.000" /><testcase classname="tests.kernel.accounting.test_cash_instrument_accounting" name="test_cost_basis_policy_is_explicit_versioned_and_immutable" time="0.000" /><testcase classname="tests.kernel.accounting.test_cash_instrument_accounting" name="test_buy_books_balanced_cash_position_and_source_fill_lot" time="0.000" /><testcase classname="tests.kernel.accounting.test_cash_instrument_accounting" name="test_add_and_partial_sell_use_fifo_independent_of_input_order" time="0.001" /><testcase classname="tests.kernel.accounting.test_cash_instrument_accounting" name="test_full_sell_closes_all_lots_and_zero_gross_pnl_is_not_attributed" time="0.000" /><testcase classname="tests.kernel.accounting.test_cash_instrument_accounting" name="test_sell_beyond_long_lots_fails_without_implicit_short" time="0.000" /><testcase classname="tests.kernel.accounting.test_cash_instrument_accounting" name="test_fill_fee_is_charged_once_and_buy_fee_updates_lot_provenance" time="0.000" /><testcase classname="tests.kernel.accounting.test_cash_instrument_accounting" name="test_partial_consumption_splits_allocated_fee_exactly" time="0.000" /><testcase classname="tests.kernel.accounting.test_cash_instrument_accounting" name="test_invalid_context_and_unsupported_fee_basis_fail_closed" time="0.000" /><testcase classname="tests.kernel.accounting.test_cash_instrument_accounting_golden" name="test_cash_instrument_accounting_matches_frozen_golden" time="0.003" /><testcase classname="tests.kernel.allocation.test_portfolio_allocator" name="test_opposite_sleeves_net_to_explicit_zero_with_attribution" time="0.001" /><testcase classname="tests.kernel.allocation.test_portfolio_allocator" name="test_state_allocation_and_registration_order_do_not_change_identity" time="0.002" /><testcase classname="tests.kernel.allocation.test_portfolio_allocator" name="test_target_tuple_order_does_not_change_allocation_identity" time="0.002" /><testcase classname="tests.kernel.allocation.test_portfolio_allocator" name="test_missing_duplicate_and_unexpected_allocations_fail_atomically" time="0.001" /><testcase classname="tests.kernel.allocation.test_portfolio_allocator" name="test_negative_and_over_budget_allocations_are_explicit_failures" time="0.001" /><testcase classname="tests.kernel.allocation.test_portfolio_allocator" name="test_allocation_context_mismatches_fail_closed" time="0.001" /><testcase classname="tests.kernel.allocation.test_portfolio_allocator" name="test_not_yet_effective_and_expired_targets_fail_closed" time="0.001" /><testcase classname="tests.kernel.allocation.test_portfolio_allocator" name="test_target_notional_requires_exact_declared_scale" time="0.000" /><testcase classname="tests.kernel.allocation.test_portfolio_allocator_golden" name="test_net_allocation_matches_golden" time="0.001" /><testcase classname="tests.kernel.allocation.test_portfolio_allocator_golden" name="test_inexact_allocation_failure_matches_golden" time="0.001" /><testcase classname="tests.kernel.capabilities.test_order_capability_golden" name="test_order_capability_decisions_match_the_frozen_golden" time="0.001" /><testcase classname="tests.kernel.capabilities.test_order_capability_validator" name="test_supported_intent_is_approved_without_modification" time="0.001" /><testcase classname="tests.kernel.capabilities.test_order_capability_validator" name="test_exact_price_constraint_shapes_are_style_specific" time="0.001" /><testcase classname="tests.kernel.capabilities.test_order_capability_validator" name="test_style_specific_tif_reduce_only_and_position_effect_reject_structurally" time="0.000" /><testcase classname="tests.kernel.capabilities.test_order_capability_validator" name="test_unsupported_execution_style_does_not_silently_downgrade" time="0.000" /><testcase classname="tests.kernel.capabilities.test_order_capability_validator" name="test_missing_and_unknown_declared_capability_keys_fail_closed" time="0.000" /><testcase classname="tests.kernel.capabilities.test_order_capability_validator" name="test_capability_set_and_decision_identity_ignore_set_like_input_order" time="0.001" /><testcase classname="tests.kernel.capabilities.test_order_capability_validator" name="test_duplicate_style_and_forged_config_hash_fail_at_contract_boundary" time="0.001" /><testcase classname="tests.kernel.capabilities.test_order_capability_validator" name="test_contracts_reject_noncanonical_or_duplicate_capability_values" time="0.001" /><testcase classname="tests.kernel.capabilities.test_order_capability_validator" name="test_rejection_evidence_is_canonical_sorted_and_duplicate_free" time="0.000" /><testcase classname="tests.kernel.decisions.test_atomic_decision_batch" name="test_complete_batch_is_atomic_and_input_order_independent" time="0.001" /><testcase classname="tests.kernel.decisions.test_atomic_decision_batch" name="test_validation_failure_produces_neither_partial_batch_nor_state" time="0.000" /><testcase classname="tests.kernel.decisions.test_atomic_decision_batch" name="test_missing_duplicate_and_unexpected_submissions_fail_together" time="0.000" /><testcase classname="tests.kernel.decisions.test_atomic_decision_batch" name="test_empty_and_duplicate_expectations_fail_closed" time="0.000" /><testcase classname="tests.kernel.decisions.test_atomic_decision_batch" name="test_submission_identity_and_decision_time_mismatch_fail_closed" time="0.000" /><testcase classname="tests.kernel.decisions.test_atomic_decision_batch" name="test_new_instant_replaces_scheduled_sleeve_and_preserves_other_sleeves" time="0.000" /><testcase classname="tests.kernel.decisions.test_atomic_decision_batch" name="test_same_or_future_prior_state_cannot_be_used_to_patch_an_instant" time="0.000" /><testcase classname="tests.kernel.decisions.test_atomic_decision_batch" name="test_state_and_submission_values_are_immutable_data_not_callbacks" time="0.000" /><testcase classname="tests.kernel.decisions.test_atomic_decision_batch_golden" name="test_complete_batch_and_latest_state_match_golden" time="0.001" /><testcase classname="tests.kernel.decisions.test_atomic_decision_batch_golden" name="test_atomic_failure_matches_golden_without_partial_authority" time="0.000" /><testcase classname="tests.kernel.fee_reservations.test_fee_reservation_estimator" name="test_estimates_worst_case_fee_and_only_proposes_fee_reserve" time="0.007" /><testcase classname="tests.kernel.fee_reservations.test_fee_reservation_estimator" name="test_per_order_minimum_is_applied_once_to_its_declared_scope" time="0.007" /><testcase classname="tests.kernel.fee_reservations.test_fee_reservation_estimator" name="test_minimum_does_not_activate_when_its_charge_scope_is_not_applicable" time="0.006" /><testcase classname="tests.kernel.fee_reservations.test_fee_reservation_estimator" name="test_unknown_basis_and_applicability_fail_without_partial_output" time="0.005" /><testcase classname="tests.kernel.fee_reservations.test_fee_reservation_estimator" name="test_estimation_before_market_rule_evaluation_is_structured_failure" time="0.005" /><testcase classname="tests.kernel.fee_reservations.test_fee_reservation_estimator" name="test_reservation_currency_mismatch_is_structured_failure" time="0.005" /><testcase classname="tests.kernel.fee_reservations.test_fee_reservation_estimator" name="test_rule_and_scope_input_order_do_not_change_identity" time="0.015" /><testcase classname="tests.kernel.fee_reservations.test_fee_reservation_estimator" name="test_rule_set_requires_explicit_source_coverage_and_valid_minimum_scope" time="0.001" /><testcase classname="tests.kernel.fee_reservations.test_fee_reservation_estimator" name="test_rule_set_rejects_forged_hash_currency_mismatch_and_overlapping_minima" time="0.001" /><testcase classname="tests.kernel.fee_reservations.test_fee_reservation_estimator" name="test_contract_values_are_immutable" time="0.006" /><testcase classname="tests.kernel.fee_reservations.test_fee_reservation_golden" name="test_fee_reservation_matches_the_frozen_golden" time="0.008" /><testcase classname="tests.kernel.fees.test_fee_assessment_engine" name="test_fill_basis_maker_taker_and_sell_only_tax_are_explicit" time="0.001" /><testcase classname="tests.kernel.fees.test_fee_assessment_engine" name="test_maker_and_taker_rules_are_selected_from_fill_liquidity_evidence" time="0.001" /><testcase classname="tests.kernel.fees.test_fee_assessment_engine" name="test_order_minimum_is_charged_once_on_actual_terminal_fill_basis" time="0.002" /><testcase classname="tests.kernel.fees.test_fee_assessment_engine" name="test_session_flat_fee_uses_explicit_closure_and_is_order_independent" time="0.003" /><testcase classname="tests.kernel.fees.test_fee_assessment_engine" name="test_incomplete_and_ambiguous_basis_fail_without_partial_assessment" time="0.007" /><testcase classname="tests.kernel.fees.test_fee_assessment_engine" name="test_missing_liquidity_unknown_rule_and_missing_source_fail_closed" time="0.003" /><testcase classname="tests.kernel.fees.test_fee_assessment_engine" name="test_unfilled_cancelled_order_does_not_activate_notional_minimum" time="0.002" /><testcase classname="tests.kernel.fees.test_fee_assessment_engine" name="test_fee_charged_translation_references_every_rule_and_is_journal_idempotent" time="0.006" /><testcase classname="tests.kernel.fees.test_fee_assessment_engine" name="test_zero_fee_and_cash_context_mismatch_do_not_create_journal_entries" time="0.005" /><testcase classname="tests.kernel.fees.test_fee_assessment_engine" name="test_sell_only_and_minimum_semantics_cannot_be_silently_rewritten" time="0.001" /><testcase classname="tests.kernel.fees.test_fee_assessment_engine" name="test_forged_final_assessment_result_is_rejected" time="0.002" /><testcase classname="tests.kernel.fees.test_fee_assessment_engine" name="test_rule_basis_and_closure_values_are_immutable_and_hash_checked" time="0.003" /><testcase classname="tests.kernel.fees.test_fee_assessment_engine" name="test_assessment_before_closed_basis_is_structured_failure" time="0.002" /><testcase classname="tests.kernel.fees.test_fee_assessment_golden" name="test_final_fee_assessment_matches_the_frozen_golden" time="0.017" /><testcase classname="tests.kernel.integration.test_foundation_financial_journey" name="test_foundation_financial_journey_replays_and_rebuilds_exactly" time="0.005" /><testcase classname="tests.kernel.integration.test_order_acceptance_journey" name="test_active_target_reaches_one_exact_accepted_order_and_final_fee_journal" time="0.056" /><testcase classname="tests.kernel.integration.test_order_acceptance_journey" name="test_gate_failures_remain_nominally_distinct_and_cannot_reach_accepted" time="0.066" /><testcase classname="tests.kernel.integration.test_order_acceptance_journey" name="test_journey_is_deterministic_and_has_no_runtime_or_market_data_dependency" time="0.103" /><testcase classname="tests.kernel.integration.test_target_materialization_journey" name="test_two_sleeves_materialize_one_stable_account_target" time="0.006" /><testcase classname="tests.kernel.integration.test_target_materialization_journey" name="test_registration_mapping_and_pipeline_input_order_are_irrelevant" time="0.011" /><testcase classname="tests.kernel.integration.test_target_materialization_journey" name="test_later_marks_cannot_mutate_the_materialized_active_target" time="0.005" /><testcase classname="tests.kernel.integration.test_target_materialization_journey" name="test_validation_failure_cannot_produce_a_partial_batch_or_target" time="0.000" /><testcase classname="tests.kernel.journal.test_immutable_journal" name="test_empty_journal_has_fixed_genesis_cursor_and_is_immutable" time="0.000" /><testcase classname="tests.kernel.journal.test_immutable_journal" name="test_unordered_batch_has_stable_recorded_time_and_identity_order" time="0.002" /><testcase classname="tests.kernel.journal.test_immutable_journal" name="test_identical_entry_is_idempotent_and_conflicting_identity_fails" time="0.001" /><testcase classname="tests.kernel.journal.test_immutable_journal" name="test_append_rejects_non_entry_and_late_insertion" time="0.001" /><testcase classname="tests.kernel.journal.test_immutable_journal" name="test_replay_cursor_supports_exact_prefix_resume_parity" time="0.001" /><testcase classname="tests.kernel.journal.test_immutable_journal" name="test_replay_rejects_forged_or_reversed_cursors" time="0.001" /><testcase classname="tests.kernel.journal.test_immutable_journal" name="test_same_recorded_time_uses_journal_identity_as_tie_breaker" time="0.001" /><testcase classname="tests.kernel.journal.test_journal_replay_golden" name="test_immutable_journal_replay_matches_the_frozen_golden" time="0.001" /><testcase classname="tests.kernel.ledger.test_generic_ledger" name="test_schema_registration_is_order_independent_and_immutable" time="0.001" /><testcase classname="tests.kernel.ledger.test_generic_ledger" name="test_full_projection_rebuilds_cash_position_and_native_attributions" time="0.002" /><testcase classname="tests.kernel.ledger.test_generic_ledger" name="test_prefix_resume_has_exact_full_replay_parity_and_is_idempotent" time="0.003" /><testcase classname="tests.kernel.ledger.test_generic_ledger" name="test_unregistered_key_and_attribution_currency_fail_closed" time="0.001" /><testcase classname="tests.kernel.ledger.test_generic_ledger" name="test_identity_and_scale_mismatch_fail_financial_invariant" time="0.001" /><testcase classname="tests.kernel.ledger.test_generic_ledger" name="test_resume_rejects_forged_cursor_and_forged_state" time="0.002" /><testcase classname="tests.kernel.ledger.test_generic_ledger" name="test_truthful_negative_cash_and_short_position_are_not_policy_rejected" time="0.001" /><testcase classname="tests.kernel.ledger.test_generic_ledger" name="test_zero_position_is_removed_but_registered_zero_cash_remains_explicit" time="0.001" /><testcase classname="tests.kernel.ledger.test_generic_ledger_golden" name="test_generic_ledger_projection_matches_golden_fixture" time="0.002" /><testcase classname="tests.kernel.market_rules.test_market_rule_evaluator" name="test_approves_exact_rules_without_mutating_the_executable_spec" time="0.005" /><testcase classname="tests.kernel.market_rules.test_market_rule_evaluator" name="test_timeline_and_set_like_input_order_do_not_change_decision_identity" time="0.007" /><testcase classname="tests.kernel.market_rules.test_market_rule_evaluator" name="test_missing_and_overlapping_intervals_are_data_integrity_failures" time="0.006" /><testcase classname="tests.kernel.market_rules.test_market_rule_evaluator" name="test_quantity_scale_step_and_minimum_violations_are_structured" time="0.004" /><testcase classname="tests.kernel.market_rules.test_market_rule_evaluator" name="test_price_scale_tick_and_limit_violations_are_structured" time="0.008" /><testcase classname="tests.kernel.market_rules.test_market_rule_evaluator" name="test_session_permission_and_supplemental_rejections_are_distinct" time="0.004" /><testcase classname="tests.kernel.market_rules.test_market_rule_evaluator" name="test_notional_evidence_is_explicit_and_minimum_notional_is_checked" time="0.011" /><testcase classname="tests.kernel.market_rules.test_market_rule_evaluator" name="test_context_failures_and_forged_hashes_fail_closed" time="0.011" /><testcase classname="tests.kernel.market_rules.test_market_rule_evaluator" name="test_interval_requires_a_nonempty_half_open_range" time="0.001" /><testcase classname="tests.kernel.market_rules.test_market_rule_golden" name="test_market_rule_evaluation_matches_the_frozen_golden" time="0.004" /><testcase classname="tests.kernel.market_rules.test_market_rule_position_evidence" name="test_execution_style_uses_its_own_single_order_quantity_cap" time="0.007" /><testcase classname="tests.kernel.market_rules.test_market_rule_position_evidence" name="test_suspension_is_distinct_from_a_closed_session" time="0.004" /><testcase classname="tests.kernel.market_rules.test_market_rule_position_evidence" name="test_odd_residual_sell_requires_authoritative_position_evidence" time="0.005" /><testcase classname="tests.kernel.market_rules.test_market_rule_position_evidence" name="test_residual_sell_rejects_split_excess_and_invalid_lattice_evidence" time="0.012" /><testcase classname="tests.kernel.market_rules.test_market_rule_position_evidence" name="test_star_step_one_minimum_allows_201_and_authoritative_full_close_199" time="0.008" /><testcase classname="tests.kernel.market_rules.test_market_rule_position_evidence" name="test_cross_account_position_evidence_fails_closed" time="0.005" /><testcase classname="tests.kernel.market_rules.test_market_rule_position_evidence" name="test_active_odd_sell_reservation_prevents_a_second_residual_order" time="0.006" /><testcase classname="tests.kernel.market_rules.test_market_rule_position_evidence" name="test_duplicate_or_wrong_scale_working_order_evidence_fails_closed" time="0.013" /><testcase classname="tests.kernel.market_rules.test_market_rule_position_evidence" name="test_legacy_snapshot_and_evaluation_input_hashes_remain_schema_v1" time="0.006" /><testcase classname="tests.kernel.marks.test_mark_resolver" name="test_observation_and_policy_are_typed_immutable_canonical_facts" time="0.000" /><testcase classname="tests.kernel.marks.test_mark_resolver" name="test_exact_resolution_is_order_independent_and_preserves_provenance" time="0.000" /><testcase classname="tests.kernel.marks.test_mark_resolver" name="test_purpose_isolation_never_uses_execution_as_valuation_fallback" time="0.000" /><testcase classname="tests.kernel.marks.test_mark_resolver" name="test_forward_fill_and_max_age_are_explicit_policy_checks" time="0.000" /><testcase classname="tests.kernel.marks.test_mark_resolver" name="test_missing_future_and_policy_purpose_fail_closed" time="0.000" /><testcase classname="tests.kernel.marks.test_mark_resolver" name="test_multiple_latest_revisions_are_ambiguous_not_guessed" time="0.000" /><testcase classname="tests.kernel.marks.test_mark_resolver" name="test_outcome_requires_exactly_one_resolved_mark_or_failure" time="0.000" /><testcase classname="tests.kernel.marks.test_mark_resolver_golden" name="test_mark_resolution_matches_frozen_golden" time="0.001" /><testcase classname="tests.kernel.orders.test_order_event_stream" name="test_full_lifecycle_replays_exact_state_independent_of_initial_input_order" time="0.003" /><testcase classname="tests.kernel.orders.test_order_event_stream" name="test_identical_event_is_idempotent_but_conflict_and_late_insert_fail" time="0.001" /><testcase classname="tests.kernel.orders.test_order_event_stream" name="test_gate_order_and_terminal_state_regression_fail_closed" time="0.001" /><testcase classname="tests.kernel.orders.test_order_event_stream" name="test_fill_facts_are_exact_and_overfill_or_wrong_fill_event_fails" time="0.003" /><testcase classname="tests.kernel.orders.test_order_event_stream" name="test_unknown_causation_and_order_context_mismatch_are_rejected" time="0.001" /><testcase classname="tests.kernel.orders.test_order_event_stream" name="test_cancel_pending_fill_race_preserves_remaining_then_cancels" time="0.001" /><testcase classname="tests.kernel.orders.test_order_event_stream" name="test_cancel_replace_requires_direct_terminal_causation_and_new_identity" time="0.001" /><testcase classname="tests.kernel.orders.test_order_event_stream" name="test_stream_is_immutable_and_rejects_forged_state_positions" time="0.001" /><testcase classname="tests.kernel.orders.test_order_event_stream_golden" name="test_order_event_state_replay_matches_the_frozen_golden" time="0.002" /><testcase classname="tests.kernel.ports.test_profile_port_contracts" name="test_domain_and_kernel_publish_pep561_type_information" time="0.000" /><testcase classname="tests.kernel.ports.test_profile_port_contracts" name="test_component_ref_is_typed_versioned_and_canonical" time="0.000" /><testcase classname="tests.kernel.ports.test_profile_port_contracts" name="test_component_ref_rejects_invalid_identity[port_type-session_model-TypeError]" time="0.000" /><testcase classname="tests.kernel.ports.test_profile_port_contracts" name="test_component_ref_rejects_invalid_identity[component_key--ValueError]" time="0.000" /><testcase classname="tests.kernel.ports.test_profile_port_contracts" name="test_component_ref_rejects_invalid_identity[component_key-e\u0301-ValueError]" time="0.000" /><testcase classname="tests.kernel.ports.test_profile_port_contracts" name="test_component_ref_rejects_invalid_identity[component_version-0-ValueError]" time="0.000" /><testcase classname="tests.kernel.ports.test_profile_port_contracts" name="test_component_ref_rejects_invalid_identity[component_version-True-TypeError]" time="0.000" /><testcase classname="tests.kernel.ports.test_profile_port_contracts" name="test_component_ref_rejects_invalid_identity[component_digest-abababababababababababababababababababababababababababababababab-ValueError]" time="0.000" /><testcase classname="tests.kernel.ports.test_profile_port_contracts" name="test_outcome_records_exact_input_and_exactly_one_branch" time="0.001" /><testcase classname="tests.kernel.ports.test_profile_port_contracts" name="test_all_ports_are_distinct_runtime_protocols_without_defaults" time="0.001" /><testcase classname="tests.kernel.ports.test_profile_port_contracts" name="test_test_adapter_is_deterministic_and_uses_domain_typed_contracts" time="0.000" /><testcase classname="tests.kernel.ports.test_profile_port_golden" name="test_kernel_profile_port_contracts_match_golden_fixture" time="0.000" /><testcase classname="tests.kernel.pretrade_risk.test_pretrade_risk" name="test_approves_unchanged_order_against_exact_available_resources" time="0.034" /><testcase classname="tests.kernel.pretrade_risk.test_pretrade_risk" name="test_insufficient_tradable_cash_is_economic_rejection_not_contract_failure" time="0.035" /><testcase classname="tests.kernel.pretrade_risk.test_pretrade_risk" name="test_account_permission_rejection_is_economic_and_does_not_replan" time="0.034" /><testcase classname="tests.kernel.pretrade_risk.test_pretrade_risk" name="test_fee_reserve_can_explicitly_use_available_margin" time="0.041" /><testcase classname="tests.kernel.pretrade_risk.test_pretrade_risk" name="test_sellable_quantity_and_capacity_are_compared_without_cross_netting" time="0.041" /><testcase classname="tests.kernel.pretrade_risk.test_pretrade_risk" name="test_stale_availability_and_fee_mismatch_are_contract_failures" time="0.050" /><testcase classname="tests.kernel.pretrade_risk.test_pretrade_risk" name="test_missing_availability_and_exposure_limit_fail_structurally" time="0.042" /><testcase classname="tests.kernel.pretrade_risk.test_pretrade_risk" name="test_early_evaluation_and_account_context_mismatch_fail_structurally" time="0.038" /><testcase classname="tests.kernel.pretrade_risk.test_pretrade_risk" name="test_requirement_and_policy_tuple_order_do_not_change_decision_identity" time="0.054" /><testcase classname="tests.kernel.pretrade_risk.test_pretrade_risk" name="test_policy_and_contract_values_are_immutable_and_fail_closed" time="0.016" /><testcase classname="tests.kernel.pretrade_risk.test_pretrade_risk_golden" name="test_pretrade_risk_matches_the_frozen_golden" time="0.074" /><testcase classname="tests.kernel.profiles.cn_a_share.test_calendar_session" name="test_frozen_calendar_canonicalizes_complete_daily_coverage" time="0.000" /><testcase classname="tests.kernel.profiles.cn_a_share.test_calendar_session" name="test_trading_day_resolves_local_phase_and_stable_session_id" time="0.001" /><testcase classname="tests.kernel.profiles.cn_a_share.test_calendar_session" name="test_trading_resolution_rejects_identity_that_disagrees_with_local_date" time="0.000" /><testcase classname="tests.kernel.profiles.cn_a_share.test_calendar_session" name="test_trading_resolution_rejects_noncanonical_phase_bounds" time="0.000" /><testcase classname="tests.kernel.profiles.cn_a_share.test_calendar_session" name="test_trading_resolution_rejects_open_state_that_disagrees_with_phase" time="0.000" /><testcase classname="tests.kernel.profiles.cn_a_share.test_calendar_session" name="test_phase_starts_are_exact_half_open_boundaries[0-0-CnAShareSessionPhase.PRE_OPEN-False]" time="0.001" /><testcase classname="tests.kernel.profiles.cn_a_share.test_calendar_session" name="test_phase_starts_are_exact_half_open_boundaries[9-15-CnAShareSessionPhase.OPENING_CALL-True]" time="0.000" /><testcase classname="tests.kernel.profiles.cn_a_share.test_calendar_session" name="test_phase_starts_are_exact_half_open_boundaries[9-25-CnAShareSessionPhase.OPENING_PAUSE-False]" time="0.000" /><testcase classname="tests.kernel.profiles.cn_a_share.test_calendar_session" name="test_phase_starts_are_exact_half_open_boundaries[9-30-CnAShareSessionPhase.CONTINUOUS_MORNING-True]" time="0.001" /><testcase classname="tests.kernel.profiles.cn_a_share.test_calendar_session" name="test_phase_starts_are_exact_half_open_boundaries[11-30-CnAShareSessionPhase.LUNCH_BREAK-False]" time="0.000" /><testcase classname="tests.kernel.profiles.cn_a_share.test_calendar_session" name="test_phase_starts_are_exact_half_open_boundaries[13-0-CnAShareSessionPhase.CONTINUOUS_AFTERNOON-True]" time="0.000" /><testcase classname="tests.kernel.profiles.cn_a_share.test_calendar_session" name="test_phase_starts_are_exact_half_open_boundaries[14-57-CnAShareSessionPhase.CLOSING_CALL-True]" time="0.000" /><testcase classname="tests.kernel.profiles.cn_a_share.test_calendar_session" name="test_phase_starts_are_exact_half_open_boundaries[15-0-CnAShareSessionPhase.POST_CLOSE-False]" time="0.000" /><testcase classname="tests.kernel.profiles.cn_a_share.test_calendar_session" name="test_one_nanosecond_before_phase_boundary_stays_in_prior_phase" time="0.000" /><testcase classname="tests.kernel.profiles.cn_a_share.test_calendar_session" name="test_known_holiday_and_weekend_are_successful_no_session_closures" time="0.001" /><testcase classname="tests.kernel.profiles.cn_a_share.test_calendar_session" name="test_unsupported_venue_and_missing_coverage_are_distinct_failures" time="0.001" /><testcase classname="tests.kernel.profiles.cn_a_share.test_calendar_session" name="test_extreme_out_of_coverage_instant_is_structured_failure[instant0]" time="0.004" /><testcase classname="tests.kernel.profiles.cn_a_share.test_calendar_session" name="test_extreme_out_of_coverage_instant_is_structured_failure[instant1]" time="0.003" /><testcase classname="tests.kernel.profiles.cn_a_share.test_calendar_session" name="test_extreme_out_of_coverage_instant_is_structured_failure[instant2]" time="0.000" /><testcase classname="tests.kernel.profiles.cn_a_share.test_calendar_session" name="test_calendar_rejects_duplicate_gap_timezone_and_wrong_identity" time="0.000" /><testcase classname="tests.kernel.profiles.cn_a_share.test_calendar_session" name="test_frozen_calendar_and_component_hashes_match_spec_literals" time="0.001" /><testcase classname="tests.kernel.profiles.cn_a_share.test_calendar_session" name="test_component_identity_is_venue_specific_and_implements_session_port" time="0.001" /><testcase classname="tests.kernel.profiles.cn_a_share.test_calendar_session" name="test_component_digest_changes_when_calendar_semantics_change" time="0.001" /><testcase classname="tests.kernel.profiles.cn_a_share.test_calendar_session" name="test_calendar_values_are_immutable" time="0.000" /><testcase classname="tests.kernel.profiles.cn_a_share.test_calendar_session" name="test_concrete_calendar_source_has_no_io_network_or_wall_clock_access" time="0.029" /><testcase classname="tests.kernel.profiles.cn_a_share.test_calendar_session_golden" name="test_calendar_session_matches_static_golden" time="0.004" /><testcase classname="tests.kernel.profiles.cn_a_share.test_commission_tax" name="test_commission_tax_policies_are_public_profile_ports" time="0.001" /><testcase classname="tests.kernel.profiles.cn_a_share.test_commission_tax" name="test_reservation_buffer_binds_fill_count_and_resolution_context" time="0.011" /><testcase classname="tests.kernel.profiles.cn_a_share.test_commission_tax" name="test_historical_market_and_tax_policies_resolve_the_exact_transition" time="0.005" /><testcase classname="tests.kernel.profiles.cn_a_share.test_commission_tax" name="test_fee_rule_failures_are_precedence_ordered_and_never_fall_back" time="0.002" /><testcase classname="tests.kernel.profiles.cn_a_share.test_commission_tax" name="test_resolution_identity_binds_full_query_and_active_band" time="0.005" /><testcase classname="tests.kernel.profiles.cn_a_share.test_commission_tax" name="test_rule_identity_text_must_be_trimmed_nfc" time="0.000" /><testcase classname="tests.kernel.profiles.cn_a_share.test_commission_tax" name="test_one_source_may_support_multiple_market_charge_components" time="0.002" /><testcase classname="tests.kernel.profiles.cn_a_share.test_commission_tax" name="test_resolution_construction_rejects_cross_source_rules" time="0.003" /><testcase classname="tests.kernel.profiles.cn_a_share.test_commission_tax" name="test_partial_cancel_separates_reservation_fill_fees_and_order_minimum" time="0.032" /><testcase classname="tests.kernel.profiles.cn_a_share.test_commission_tax" name="test_two_fill_rounding_buffer_covers_per_fill_final_total" time="0.024" /><testcase classname="tests.kernel.profiles.cn_a_share.test_commission_tax" name="test_rounding_buffer_covers_an_adversarial_two_fill_partition" time="0.028" /><testcase classname="tests.kernel.profiles.cn_a_share.test_commission_tax" name="test_side_and_execution_time_select_tax_and_historical_band" time="0.036" /><testcase classname="tests.kernel.profiles.cn_a_share.test_commission_tax" name="test_venues_share_rates_but_keep_distinct_rule_evidence" time="0.006" /><testcase classname="tests.kernel.profiles.cn_a_share.test_commission_tax" name="test_rule_book_input_order_does_not_change_component_or_resolution" time="0.006" /><testcase classname="tests.kernel.profiles.cn_a_share.test_commission_tax" name="test_unfilled_cancel_has_zero_final_commission_and_no_minimum" time="0.006" /><testcase classname="tests.kernel.profiles.cn_a_share.test_commission_tax_golden" name="test_commission_tax_matches_static_golden" time="0.227" /><testcase classname="tests.kernel.profiles.cn_a_share.test_order_rules" name="test_main_board_rule_resolution_binds_g08c_lattice_and_price_limits" time="0.002" /><testcase classname="tests.kernel.profiles.cn_a_share.test_order_rules" name="test_chinext_historical_transition_changes_ratio_and_order_caps" time="0.003" /><testcase classname="tests.kernel.profiles.cn_a_share.test_order_rules" name="test_star_uses_step_one_minimum_200_and_board_caps" time="0.001" /><testcase classname="tests.kernel.profiles.cn_a_share.test_order_rules" name="test_suspension_no_trade_and_missing_data_are_distinct" time="0.003" /><testcase classname="tests.kernel.profiles.cn_a_share.test_order_rules" name="test_limit_liquidity_is_direction_sensitive_without_volume" time="0.004" /><testcase classname="tests.kernel.profiles.cn_a_share.test_order_rules" name="test_closed_phase_takes_precedence_over_suspended_status" time="0.002" /><testcase classname="tests.kernel.profiles.cn_a_share.test_order_rules" name="test_trade_status_interval_bounds_the_resolved_rule_interval" time="0.002" /><testcase classname="tests.kernel.profiles.cn_a_share.test_order_rules" name="test_half_up_rounding_and_rule_overlap_fail_closed" time="0.004" /><testcase classname="tests.kernel.profiles.cn_a_share.test_order_rules_golden" name="test_order_rules_match_static_golden" time="0.025" /><testcase classname="tests.kernel.profiles.cn_a_share.test_quantity_lattice" name="test_quantity_lattice_schema_v1_bytes_and_hash_remain_unchanged" time="0.001" /><testcase classname="tests.kernel.profiles.cn_a_share.test_quantity_lattice" name="test_position_relative_sizing_preserves_whole_sell_residual[0-0-0-1-False-False]" time="0.005" /><testcase classname="tests.kernel.profiles.cn_a_share.test_quantity_lattice" name="test_position_relative_sizing_preserves_whole_sell_residual[0-251-200-100-False-False]" time="0.004" /><testcase classname="tests.kernel.profiles.cn_a_share.test_quantity_lattice" name="test_position_relative_sizing_preserves_whole_sell_residual[55-251-155-100-False-False]" time="0.005" /><testcase classname="tests.kernel.profiles.cn_a_share.test_quantity_lattice" name="test_position_relative_sizing_preserves_whole_sell_residual[500-451-400-100-False-False]" time="0.005" /><testcase classname="tests.kernel.profiles.cn_a_share.test_quantity_lattice" name="test_position_relative_sizing_preserves_whole_sell_residual[299-200-200-100-True-False]" time="0.005" /><testcase classname="tests.kernel.profiles.cn_a_share.test_quantity_lattice" name="test_position_relative_sizing_preserves_whole_sell_residual[299-100-100-100-True-False]" time="0.005" /><testcase classname="tests.kernel.profiles.cn_a_share.test_quantity_lattice" name="test_position_relative_sizing_preserves_whole_sell_residual[299-199-199-100-False-False]" time="0.005" /><testcase classname="tests.kernel.profiles.cn_a_share.test_quantity_lattice" name="test_position_relative_sizing_preserves_whole_sell_residual[299-298-200-100-True-False]" time="0.005" /><testcase classname="tests.kernel.profiles.cn_a_share.test_quantity_lattice" name="test_position_relative_sizing_preserves_whole_sell_residual[299-198-100-100-True-False]" time="0.005" /><testcase classname="tests.kernel.profiles.cn_a_share.test_quantity_lattice" name="test_position_relative_sizing_preserves_whole_sell_residual[299-98-0-100-False-True]" time="0.005" /><testcase classname="tests.kernel.profiles.cn_a_share.test_quantity_lattice" name="test_position_relative_sizing_preserves_whole_sell_residual[101-100-100-100-True-False]" time="0.006" /><testcase classname="tests.kernel.profiles.cn_a_share.test_quantity_lattice" name="test_position_relative_sizing_preserves_whole_sell_residual[200-199-100-100-False-False]" time="0.005" /><testcase classname="tests.kernel.profiles.cn_a_share.test_quantity_lattice" name="test_position_relative_sizing_preserves_whole_sell_residual[200-0-0-100-False-False]" time="0.005" /><testcase classname="tests.kernel.profiles.cn_a_share.test_quantity_lattice" name="test_position_relative_sizing_preserves_whole_sell_residual[55-0-0-100-False-True]" time="0.005" /><testcase classname="tests.kernel.profiles.cn_a_share.test_quantity_lattice" name="test_unequal_buy_sell_lots_choose_delta_side_reachability[55-251-155-False]" time="0.005" /><testcase classname="tests.kernel.profiles.cn_a_share.test_quantity_lattice" name="test_unequal_buy_sell_lots_choose_delta_side_reachability[500-451-450-False]" time="0.005" /><testcase classname="tests.kernel.profiles.cn_a_share.test_quantity_lattice" name="test_unequal_buy_sell_lots_choose_delta_side_reachability[55-49-45-False]" time="0.005" /><testcase classname="tests.kernel.profiles.cn_a_share.test_quantity_lattice" name="test_unequal_buy_sell_lots_choose_delta_side_reachability[55-50-50-True]" time="0.005" /><testcase classname="tests.kernel.profiles.cn_a_share.test_quantity_lattice" name="test_unequal_buy_sell_lots_choose_delta_side_reachability[55-5-5-False]" time="0.005" /><testcase classname="tests.kernel.profiles.cn_a_share.test_quantity_lattice" name="test_unequal_buy_sell_lots_choose_delta_side_reachability[55-55-55-False]" time="0.005" /><testcase classname="tests.kernel.profiles.cn_a_share.test_quantity_lattice" name="test_unequal_buy_sell_lots_choose_delta_side_reachability[55-56-55-False]" time="0.005" /><testcase classname="tests.kernel.profiles.cn_a_share.test_quantity_lattice" name="test_negative_cross_zero_and_disabled_capability_keep_legacy_static_path[-55--251--250]" time="0.005" /><testcase classname="tests.kernel.profiles.cn_a_share.test_quantity_lattice" name="test_negative_cross_zero_and_disabled_capability_keep_legacy_static_path[-251--55--50]" time="0.004" /><testcase classname="tests.kernel.profiles.cn_a_share.test_quantity_lattice" name="test_negative_cross_zero_and_disabled_capability_keep_legacy_static_path[55--251--250]" time="0.005" /><testcase classname="tests.kernel.profiles.cn_a_share.test_quantity_lattice" name="test_negative_cross_zero_and_disabled_capability_keep_legacy_static_path[-55-251-200]" time="0.004" /><testcase classname="tests.kernel.profiles.cn_a_share.test_quantity_lattice" name="test_negative_cross_zero_and_disabled_capability_keep_legacy_static_path[55-251-200]" time="0.005" /><testcase classname="tests.kernel.profiles.cn_a_share.test_quantity_lattice" name="test_lot_reason_uses_raw_direction_without_changing_legacy_evidence" time="0.013" /><testcase classname="tests.kernel.profiles.cn_a_share.test_quantity_lattice" name="test_hold_dust_preserves_quantity_but_changes_policy_and_target_identity" time="0.009" /><testcase classname="tests.kernel.profiles.cn_a_share.test_quantity_lattice" name="test_position_relative_materialization_is_input_order_invariant" time="0.006" /><testcase classname="tests.kernel.profiles.cn_a_share.test_quantity_lattice" name="test_residual_fail_is_atomic_for_unreachable_position_relative_target" time="0.009" /><testcase classname="tests.kernel.profiles.cn_a_share.test_quantity_lattice" name="test_schema_v2_requires_explicit_sell_lot_odd_close_and_zero_minimums[overrides0]" time="0.000" /><testcase classname="tests.kernel.profiles.cn_a_share.test_quantity_lattice" name="test_schema_v2_requires_explicit_sell_lot_odd_close_and_zero_minimums[overrides1]" time="0.000" /><testcase classname="tests.kernel.profiles.cn_a_share.test_quantity_lattice" name="test_schema_v2_requires_explicit_sell_lot_odd_close_and_zero_minimums[overrides2]" time="0.000" /><testcase classname="tests.kernel.profiles.cn_a_share.test_quantity_lattice" name="test_schema_v2_requires_explicit_sell_lot_odd_close_and_zero_minimums[overrides3]" time="0.000" /><testcase classname="tests.kernel.profiles.cn_a_share.test_quantity_lattice" name="test_rebalance_consumes_normalized_quantity_without_second_rounding[0-251-buy-200-open]" time="0.007" /><testcase classname="tests.kernel.profiles.cn_a_share.test_quantity_lattice" name="test_rebalance_consumes_normalized_quantity_without_second_rounding[55-251-buy-100-open]" time="0.007" /><testcase classname="tests.kernel.profiles.cn_a_share.test_quantity_lattice" name="test_rebalance_consumes_normalized_quantity_without_second_rounding[299-200-sell-99-close]" time="0.006" /><testcase classname="tests.kernel.profiles.cn_a_share.test_quantity_lattice" name="test_rebalance_consumes_normalized_quantity_without_second_rounding[299-100-sell-199-close]" time="0.007" /><testcase classname="tests.kernel.profiles.cn_a_share.test_quantity_lattice" name="test_rebalance_consumes_normalized_quantity_without_second_rounding[101-100-sell-1-close]" time="0.007" /><testcase classname="tests.kernel.profiles.cn_a_share.test_quantity_lattice" name="test_rebalance_consumes_normalized_quantity_without_second_rounding[55-0-sell-55-close]" time="0.006" /><testcase classname="tests.kernel.profiles.cn_a_share.test_quantity_lattice" name="test_rebalance_does_not_replan_after_position_relative_evidence_changes[299-199-298]" time="0.010" /><testcase classname="tests.kernel.profiles.cn_a_share.test_quantity_lattice" name="test_rebalance_does_not_replan_after_position_relative_evidence_changes[55-251-56]" time="0.010" /><testcase classname="tests.kernel.profiles.cn_a_share.test_quantity_lattice" name="test_legacy_signed_targets_do_not_enter_position_relative_stale_guard" time="0.013" /><testcase classname="tests.kernel.profiles.cn_a_share.test_quantity_lattice" name="test_position_relative_lifecycle_distinguishes_coverage_cancel_and_stale" time="0.019" /><testcase classname="tests.kernel.profiles.cn_a_share.test_quantity_lattice" name="test_unchanged_or_reached_position_relative_target_is_not_stale" time="0.010" /><testcase classname="tests.kernel.profiles.cn_a_share.test_quantity_lattice" name="test_market_rule_evaluator_requires_g08d_position_evidence_for_odd_sell[100-True]" time="0.004" /><testcase classname="tests.kernel.profiles.cn_a_share.test_quantity_lattice" name="test_market_rule_evaluator_requires_g08d_position_evidence_for_odd_sell[99-False]" time="0.004" /><testcase classname="tests.kernel.profiles.cn_a_share.test_quantity_lattice" name="test_market_rule_evaluator_requires_g08d_position_evidence_for_odd_sell[199-False]" time="0.004" /><testcase classname="tests.kernel.profiles.cn_a_share.test_quantity_lattice" name="test_market_rule_evaluator_requires_g08d_position_evidence_for_odd_sell[1-False]" time="0.004" /><testcase classname="tests.kernel.profiles.cn_a_share.test_quantity_lattice" name="test_market_rule_evaluator_requires_g08d_position_evidence_for_odd_sell[55-False]" time="0.004" /><testcase classname="tests.kernel.profiles.cn_a_share.test_quantity_lattice" name="test_public_resolution_and_failure_reject_substituted_template_metadata" time="0.001" /><testcase classname="tests.kernel.profiles.cn_a_share.test_quantity_lattice" name="test_concrete_cny_fixture_exact_covers_position_relative_arithmetic[0-0-0]" time="0.005" /><testcase classname="tests.kernel.profiles.cn_a_share.test_quantity_lattice" name="test_concrete_cny_fixture_exact_covers_position_relative_arithmetic[0-251-200]" time="0.004" /><testcase classname="tests.kernel.profiles.cn_a_share.test_quantity_lattice" name="test_concrete_cny_fixture_exact_covers_position_relative_arithmetic[55-251-155]" time="0.005" /><testcase classname="tests.kernel.profiles.cn_a_share.test_quantity_lattice" name="test_concrete_cny_fixture_exact_covers_position_relative_arithmetic[500-451-400]" time="0.005" /><testcase classname="tests.kernel.profiles.cn_a_share.test_quantity_lattice" name="test_concrete_cny_fixture_exact_covers_position_relative_arithmetic[299-200-200]" time="0.005" /><testcase classname="tests.kernel.profiles.cn_a_share.test_quantity_lattice" name="test_concrete_cny_fixture_exact_covers_position_relative_arithmetic[299-100-100]" time="0.005" /><testcase classname="tests.kernel.profiles.cn_a_share.test_quantity_lattice" name="test_concrete_cny_fixture_exact_covers_position_relative_arithmetic[299-199-199]" time="0.005" /><testcase classname="tests.kernel.profiles.cn_a_share.test_quantity_lattice" name="test_concrete_cny_fixture_exact_covers_position_relative_arithmetic[299-298-200]" time="0.005" /><testcase classname="tests.kernel.profiles.cn_a_share.test_quantity_lattice" name="test_concrete_cny_fixture_exact_covers_position_relative_arithmetic[299-198-100]" time="0.005" /><testcase classname="tests.kernel.profiles.cn_a_share.test_quantity_lattice" name="test_concrete_cny_fixture_exact_covers_position_relative_arithmetic[299-98-0]" time="0.005" /><testcase classname="tests.kernel.profiles.cn_a_share.test_quantity_lattice" name="test_concrete_cny_fixture_exact_covers_position_relative_arithmetic[101-100-100]" time="0.005" /><testcase classname="tests.kernel.profiles.cn_a_share.test_quantity_lattice" name="test_concrete_cny_fixture_exact_covers_position_relative_arithmetic[200-199-100]" time="0.005" /><testcase classname="tests.kernel.profiles.cn_a_share.test_quantity_lattice" name="test_concrete_cny_fixture_exact_covers_position_relative_arithmetic[200-0-0]" time="0.005" /><testcase classname="tests.kernel.profiles.cn_a_share.test_quantity_lattice" name="test_concrete_cny_fixture_exact_covers_position_relative_arithmetic[55-0-0]" time="0.005" /><testcase classname="tests.kernel.profiles.cn_a_share.test_quantity_lattice" name="test_xshg_xshe_share_economics_but_not_component_or_result_identity" time="0.014" /><testcase classname="tests.kernel.profiles.cn_a_share.test_quantity_lattice" name="test_model_failure_precedence_and_subject_keys_are_stable" time="0.001" /><testcase classname="tests.kernel.profiles.cn_a_share.test_quantity_lattice" name="test_model_uses_opaque_instrument_identity_not_symbol_allowlists" time="0.001" /><testcase classname="tests.kernel.profiles.cn_a_share.test_quantity_lattice" name="test_concrete_model_returns_position_relative_schema_v2_lattice" time="0.000" /><testcase classname="tests.kernel.profiles.cn_a_share.test_quantity_lattice_golden" name="test_quantity_lattice_matches_static_golden" time="0.141" /><testcase classname="tests.kernel.profiles.cn_a_share.test_settlement_availability" name="test_public_settlement_contract_is_frozen" time="0.000" /><testcase classname="tests.kernel.profiles.cn_a_share.test_settlement_availability" name="test_buy_and_sell_resolve_fixed_t_plus_one_obligations" time="0.002" /><testcase classname="tests.kernel.profiles.cn_a_share.test_settlement_availability" name="test_query_defers_domain_kind_validation_to_model" time="0.001" /><testcase classname="tests.kernel.profiles.cn_a_share.test_settlement_availability" name="test_resolution_rejects_timing_or_binding_substitution" time="0.001" /><testcase classname="tests.kernel.profiles.cn_a_share.test_settlement_availability" name="test_resolution_rejects_duplicate_cross_account_or_wrong_date_evidence" time="0.001" /><testcase classname="tests.kernel.profiles.cn_a_share.test_settlement_availability" name="test_failure_precedence_and_subject_keys_are_deterministic" time="0.005" /><testcase classname="tests.kernel.profiles.cn_a_share.test_settlement_availability" name="test_adjacent_failure_precedence_is_not_masked" time="0.003" /><testcase classname="tests.kernel.profiles.cn_a_share.test_settlement_availability" name="test_settlement_preserves_authoritative_cash_effect_without_recomputing_notional[buy--1--100001]" time="0.001" /><testcase classname="tests.kernel.profiles.cn_a_share.test_settlement_availability" name="test_settlement_preserves_authoritative_cash_effect_without_recomputing_notional[sell-1-120001]" time="0.001" /><testcase classname="tests.kernel.profiles.cn_a_share.test_settlement_availability" name="test_accounting_entry_type_sign_quantity_and_fee_mismatches_fail" time="0.002" /><testcase classname="tests.kernel.profiles.cn_a_share.test_settlement_availability" name="test_fill_currency_instrument_and_settlement_id_predicates_are_isolated" time="0.002" /><testcase classname="tests.kernel.profiles.cn_a_share.test_settlement_availability" name="test_quote_and_settlement_currency_fail_independently" time="0.001" /><testcase classname="tests.kernel.profiles.cn_a_share.test_settlement_availability" name="test_source_identity_membership_is_exact_but_order_independent" time="0.002" /><testcase classname="tests.kernel.profiles.cn_a_share.test_settlement_availability" name="test_cash_position_cardinality_and_sell_sign_are_exact" time="0.002" /><testcase classname="tests.kernel.profiles.cn_a_share.test_settlement_availability" name="test_accounting_context_timing_financing_and_shape_mismatches_fail" time="0.004" /><testcase classname="tests.kernel.profiles.cn_a_share.test_settlement_availability" name="test_availability_rules_are_fixed_and_venue_scoped" time="0.001" /><testcase classname="tests.kernel.profiles.cn_a_share.test_settlement_availability" name="test_availability_rules_reject_missing_or_cross_account_dimensions" time="0.000" /><testcase classname="tests.kernel.profiles.cn_a_share.test_settlement_availability" name="test_journal_settlement_and_availability_follow_t_plus_one_boundaries" time="0.008" /><testcase classname="tests.kernel.profiles.cn_a_share.test_settlement_availability" name="test_book_rules_and_availability_are_input_order_invariant" time="0.008" /><testcase classname="tests.kernel.profiles.cn_a_share.test_settlement_availability" name="test_exact_nanosecond_boundaries_select_before_and_after_states" time="0.007" /><testcase classname="tests.kernel.profiles.cn_a_share.test_settlement_availability" name="test_component_identity_and_canonical_schemas_are_frozen" time="0.002" /><testcase classname="tests.kernel.profiles.cn_a_share.test_settlement_availability" name="test_settlement_events_bind_resolution_and_exact_boundary_order" time="0.007" /><testcase classname="tests.kernel.profiles.cn_a_share.test_settlement_availability" name="test_margin_reservation_has_no_owner_and_fails_closed" time="0.007" /><testcase classname="tests.kernel.profiles.cn_a_share.test_settlement_availability" name="test_applied_before_recorded_fails_generic_lifecycle" time="0.007" /><testcase classname="tests.kernel.profiles.cn_a_share.test_settlement_availability" name="test_reservations_change_availability_without_mutating_settlement" time="0.008" /><testcase classname="tests.kernel.profiles.cn_a_share.test_settlement_availability" name="test_settlement_component_digest_changes_with_frozen_calendar" time="0.001" /><testcase classname="tests.kernel.profiles.cn_a_share.test_settlement_availability" name="test_xshg_and_xshe_share_economics_but_not_authoritative_identity" time="0.014" /><testcase classname="tests.kernel.profiles.cn_a_share.test_settlement_availability" name="test_concrete_profile_source_is_pure_and_not_root_reexported" time="0.035" /><testcase classname="tests.kernel.profiles.cn_a_share.test_settlement_availability" name="test_purity_scanner_rejects_direct_and_aliased_forbidden_access[open(&quot;x&quot;)]" time="0.000" /><testcase classname="tests.kernel.profiles.cn_a_share.test_settlement_availability" name="test_purity_scanner_rejects_direct_and_aliased_forbidden_access[import builtins as b\nb.open(&quot;x&quot;)]" time="0.000" /><testcase classname="tests.kernel.profiles.cn_a_share.test_settlement_availability" name="test_purity_scanner_rejects_direct_and_aliased_forbidden_access[import io as x\nx.open(&quot;x&quot;)]" time="0.000" /><testcase classname="tests.kernel.profiles.cn_a_share.test_settlement_availability" name="test_purity_scanner_rejects_direct_and_aliased_forbidden_access[import tempfile as x\nx.NamedTemporaryFile()]" time="0.000" /><testcase classname="tests.kernel.profiles.cn_a_share.test_settlement_availability" name="test_purity_scanner_rejects_direct_and_aliased_forbidden_access[import pathlib as x\nx.Path(&quot;x&quot;)]" time="0.000" /><testcase classname="tests.kernel.profiles.cn_a_share.test_settlement_availability" name="test_purity_scanner_rejects_direct_and_aliased_forbidden_access[import os as x\nx.listdir(&quot;.&quot;)]" time="0.000" /><testcase classname="tests.kernel.profiles.cn_a_share.test_settlement_availability" name="test_purity_scanner_rejects_direct_and_aliased_forbidden_access[import sqlite3 as x\nx.connect(&quot;x&quot;)]" time="0.000" /><testcase classname="tests.kernel.profiles.cn_a_share.test_settlement_availability" name="test_purity_scanner_rejects_direct_and_aliased_forbidden_access[import subprocess as x\nx.run((&quot;x&quot;,))]" time="0.000" /><testcase classname="tests.kernel.profiles.cn_a_share.test_settlement_availability" name="test_purity_scanner_rejects_direct_and_aliased_forbidden_access[import importlib.resources as x\nx.files(&quot;x&quot;)]" time="0.000" /><testcase classname="tests.kernel.profiles.cn_a_share.test_settlement_availability" name="test_purity_scanner_rejects_direct_and_aliased_forbidden_access[import socket as x\nx.create_connection((&quot;x&quot;, 1))]" time="0.000" /><testcase classname="tests.kernel.profiles.cn_a_share.test_settlement_availability" name="test_purity_scanner_rejects_direct_and_aliased_forbidden_access[import http.client as x\nx.HTTPConnection(&quot;x&quot;)]" time="0.000" /><testcase classname="tests.kernel.profiles.cn_a_share.test_settlement_availability" name="test_purity_scanner_rejects_direct_and_aliased_forbidden_access[import urllib.request as x\nx.urlopen(&quot;x&quot;)]" time="0.000" /><testcase classname="tests.kernel.profiles.cn_a_share.test_settlement_availability" name="test_purity_scanner_rejects_direct_and_aliased_forbidden_access[import requests as x\nx.get(&quot;x&quot;)]" time="0.000" /><testcase classname="tests.kernel.profiles.cn_a_share.test_settlement_availability" name="test_purity_scanner_rejects_direct_and_aliased_forbidden_access[import httpx as x\nx.get(&quot;x&quot;)]" time="0.000" /><testcase classname="tests.kernel.profiles.cn_a_share.test_settlement_availability" name="test_purity_scanner_rejects_direct_and_aliased_forbidden_access[import aiohttp as x\nx.ClientSession()]" time="0.000" /><testcase classname="tests.kernel.profiles.cn_a_share.test_settlement_availability" name="test_purity_scanner_rejects_direct_and_aliased_forbidden_access[import websockets as x\nx.connect(&quot;x&quot;)]" time="0.000" /><testcase classname="tests.kernel.profiles.cn_a_share.test_settlement_availability" name="test_purity_scanner_rejects_direct_and_aliased_forbidden_access[import fsspec as x\nx.open(&quot;x&quot;)]" time="0.000" /><testcase classname="tests.kernel.profiles.cn_a_share.test_settlement_availability" name="test_purity_scanner_rejects_direct_and_aliased_forbidden_access[import boto3 as x\nx.client(&quot;s3&quot;)]" time="0.000" /><testcase classname="tests.kernel.profiles.cn_a_share.test_settlement_availability" name="test_purity_scanner_rejects_direct_and_aliased_forbidden_access[import botocore as x\nx.session()]" time="0.000" /><testcase classname="tests.kernel.profiles.cn_a_share.test_settlement_availability" name="test_purity_scanner_rejects_direct_and_aliased_forbidden_access[import time as clock\nclock.time()]" time="0.000" /><testcase classname="tests.kernel.profiles.cn_a_share.test_settlement_availability" name="test_purity_scanner_rejects_direct_and_aliased_forbidden_access[from time import time_ns as now\nnow()]" time="0.000" /><testcase classname="tests.kernel.profiles.cn_a_share.test_settlement_availability" name="test_purity_scanner_rejects_direct_and_aliased_forbidden_access[from datetime import datetime as dt\ndt.now()]" time="0.000" /><testcase classname="tests.kernel.profiles.cn_a_share.test_settlement_availability" name="test_purity_scanner_rejects_direct_and_aliased_forbidden_access[from datetime import datetime as dt\ndt.utcnow()]" time="0.000" /><testcase classname="tests.kernel.profiles.cn_a_share.test_settlement_availability" name="test_purity_scanner_rejects_direct_and_aliased_forbidden_access[from datetime import date as d\nd.today()]" time="0.000" /><testcase classname="tests.kernel.profiles.cn_a_share.test_settlement_availability" name="test_purity_scanner_rejects_direct_and_aliased_forbidden_access[__import__(&quot;time&quot;)]" time="0.000" /><testcase classname="tests.kernel.profiles.cn_a_share.test_settlement_availability" name="test_purity_scanner_rejects_direct_and_aliased_forbidden_access[loader = __import__\nloader(&quot;urllib.request&quot;)]" time="0.000" /><testcase classname="tests.kernel.profiles.cn_a_share.test_settlement_availability" name="test_purity_scanner_rejects_direct_and_aliased_forbidden_access[import builtins as b\nb.__import__(&quot;time&quot;)]" time="0.000" /><testcase classname="tests.kernel.profiles.cn_a_share.test_settlement_availability" name="test_purity_scanner_rejects_direct_and_aliased_forbidden_access[import importlib\nimportlib.import_module(&quot;time&quot;)]" time="0.000" /><testcase classname="tests.kernel.profiles.cn_a_share.test_settlement_availability" name="test_purity_scanner_rejects_direct_and_aliased_forbidden_access[__builtins__[&quot;__import__&quot;](&quot;time&quot;)]" time="0.000" /><testcase classname="tests.kernel.profiles.cn_a_share.test_settlement_availability" name="test_purity_scanner_rejects_direct_and_aliased_forbidden_access[getattr(__builtins__, &quot;__import__&quot;)(&quot;urllib.request&quot;)]" time="0.000" /><testcase classname="tests.kernel.profiles.cn_a_share.test_settlement_availability" name="test_purity_scanner_rejects_direct_and_aliased_forbidden_access[loader = __builtins__[&quot;__import__&quot;]\nloader(&quot;time&quot;)]" time="0.000" /><tes
[...]
sname="tests.runtime.integrity.test_integrity_report" name="test_execution_hash_mismatch_publishes_failed_evaluation_for_any_bound_attempt" time="1.556" /><testcase classname="tests.runtime.integrity.test_integrity_report" name="test_publisher_rejects_non_exact_eligible_attempt_set_under_lock" time="1.340" /><testcase classname="tests.runtime.integrity.test_integrity_report" name="test_publisher_rebinds_attempt_hash_to_finalized_engine_artifact" time="1.370" /><testcase classname="tests.runtime.integrity.test_integrity_report" name="test_publisher_rejects_attempt_engine_result_not_bound_to_disk_evidence" time="1.361" /><testcase classname="tests.runtime.integrity.test_integrity_report" name="test_publisher_rejects_writable_finalized_attempt_evidence" time="1.338" /><testcase classname="tests.runtime.integrity.test_integrity_report" name="test_publisher_rejects_tampered_finalized_attempt_evidence" time="1.332" /><testcase classname="tests.runtime.integrity.test_integrity_report" name="test_canonical_publication_closes_run_before_runner_invokes_engine" time="2.827" /><testcase classname="tests.runtime.integrity.test_integrity_report" name="test_runner_rejects_invalid_canonical_cache_without_engine" time="2.750" /><testcase classname="tests.runtime.integrity.test_integrity_report" name="test_runner_rejects_duplicate_canonical_manifest_paths_without_engine" time="2.789" /><testcase classname="tests.runtime.integrity.test_integrity_report" name="test_runner_rejects_cache_grade_escalation_without_engine" time="2.826" /><testcase classname="tests.runtime.integrity.test_integrity_report" name="test_runner_without_publication_root_fails_closed_before_engine" time="2.579" /><testcase classname="tests.runtime.integrity.test_integrity_report" name="test_canonical_publication_closes_run_to_new_attempt_evidence" time="2.151" /><testcase classname="tests.runtime.integrity.test_integrity_report" name="test_shared_or_adversarial_filesystem_model_is_rejected[shared_adversarial]" time="0.000" /><testcase classname="tests.runtime.integrity.test_integrity_report" name="test_shared_or_adversarial_filesystem_model_is_rejected[nfs]" time="0.000" /><testcase classname="tests.runtime.integrity.test_integrity_report" name="test_shared_or_adversarial_filesystem_model_is_rejected[object_store]" time="0.000" /><testcase classname="tests.runtime.integrity.test_integrity_report" name="test_shared_or_adversarial_filesystem_model_is_rejected[trusted-local]" time="0.000" /><testcase classname="tests.runtime.integrity.test_integrity_report" name="test_shared_or_adversarial_filesystem_model_is_rejected[]" time="0.000" /><testcase classname="tests.runtime.integrity.test_integrity_report" name="test_attempt_writer_cannot_enter_publisher_critical_section" time="2.168" /><testcase classname="tests.runtime.integrity.test_integrity_report" name="test_existing_run_lock_is_never_broken_by_wall_clock_age" time="1.357" /><testcase classname="tests.runtime.integrity.test_integrity_report" name="test_canonical_write_failure_leaves_no_visible_result" time="1.474" /><testcase classname="tests.runtime.integrity.test_integrity_report" name="test_lock_prepare_failure_removes_partial_lock" time="1.383" /><testcase classname="tests.runtime.integrity.test_integrity_report" name="test_lock_release_failure_does_not_turn_visible_result_into_failure" time="1.590" /><testcase classname="tests.runtime.integrity.test_integrity_report" name="test_publication_files_are_read_only_before_atomic_rename" time="1.554" /><testcase classname="tests.runtime.integrity.test_integrity_report" name="test_post_rename_verification_failure_hides_final_destination" time="1.502" /><testcase classname="tests.runtime.integrity.test_integrity_report" name="test_failed_primary_rollback_rename_uses_fallback_and_hides_canonical" time="1.493" /><testcase classname="tests.runtime.integrity.test_integrity_report" name="test_first_integrity_evaluation_syncs_new_parent_entry" time="0.827" /><testcase classname="tests.runtime.integrity.test_integrity_report" name="test_parent_fsync_and_partial_rollback_delete_leave_no_visible_result" time="1.521" /><testcase classname="tests.runtime.integrity.test_integrity_report" name="test_evaluation_parent_fsync_and_partial_rollback_leave_no_visible_evaluation" time="0.794" /><testcase classname="tests.runtime.integrity.test_integrity_report" name="test_canonical_publication_hash_dag_is_acyclic_and_exact_covered" time="1.638" /><testcase classname="tests.runtime.integrity.test_integrity_report" name="test_rebuild_evidence_must_exact_bind_attempt_trace_and_execution" time="1.367" /><testcase classname="tests.runtime.integrity.test_integrity_report_golden" name="test_integrity_and_canonical_publication_match_static_golden" time="4.927" /><testcase classname="tests.runtime.ports.test_simulation_port_contracts" name="test_runtime_publishes_pep561_type_information" time="0.000" /><testcase classname="tests.runtime.ports.test_simulation_port_contracts" name="test_simulation_component_identity_is_separate_and_canonical" time="0.000" /><testcase classname="tests.runtime.ports.test_simulation_port_contracts" name="test_component_ref_rejects_invalid_identity[port_type-execution_model-TypeError]" time="0.000" /><testcase classname="tests.runtime.ports.test_simulation_port_contracts" name="test_component_ref_rejects_invalid_identity[component_key--ValueError]" time="0.000" /><testcase classname="tests.runtime.ports.test_simulation_port_contracts" name="test_component_ref_rejects_invalid_identity[component_key-e\u0301-ValueError]" time="0.000" /><testcase classname="tests.runtime.ports.test_simulation_port_contracts" name="test_component_ref_rejects_invalid_identity[component_version-0-ValueError]" time="0.000" /><testcase classname="tests.runtime.ports.test_simulation_port_contracts" name="test_component_ref_rejects_invalid_identity[component_version-True-TypeError]" time="0.000" /><testcase classname="tests.runtime.ports.test_simulation_port_contracts" name="test_component_ref_rejects_invalid_identity[component_digest-cdcdcdcdcdcdcdcdcdcdcdcdcdcdcdcdcdcdcdcdcdcdcdcdcdcdcdcdcdcdcdcd-ValueError]" time="0.000" /><testcase classname="tests.runtime.ports.test_simulation_port_contracts" name="test_capability_requirement_rejects_invalid_values[capability_key--ValueError]" time="0.000" /><testcase classname="tests.runtime.ports.test_simulation_port_contracts" name="test_capability_requirement_rejects_invalid_values[capability_key- bars.ohlcv-ValueError]" time="0.000" /><testcase classname="tests.runtime.ports.test_simulation_port_contracts" name="test_capability_requirement_rejects_invalid_values[capability_key-e\u0301-ValueError]" time="0.000" /><testcase classname="tests.runtime.ports.test_simulation_port_contracts" name="test_capability_requirement_rejects_invalid_values[minimum_version-0-ValueError]" time="0.000" /><testcase classname="tests.runtime.ports.test_simulation_port_contracts" name="test_capability_requirement_rejects_invalid_values[minimum_version-True-TypeError]" time="0.000" /><testcase classname="tests.runtime.ports.test_simulation_port_contracts" name="test_spec_canonicalizes_capabilities_and_requires_typed_applicability" time="0.000" /><testcase classname="tests.runtime.ports.test_simulation_port_contracts" name="test_outcome_records_exact_input_and_exactly_one_branch" time="0.000" /><testcase classname="tests.runtime.ports.test_simulation_port_contracts" name="test_all_simulation_ports_are_distinct_protocols_without_defaults" time="0.001" /><testcase classname="tests.runtime.ports.test_simulation_port_contracts" name="test_test_adapter_is_deterministic_and_uses_typed_contracts" time="0.000" /><testcase classname="tests.runtime.ports.test_simulation_port_golden" name="test_simulation_profile_port_contracts_match_golden_fixture" time="0.000" /><testcase classname="tests.runtime.resolution.test_backtest_resolution" name="test_resolves_registered_development_environment_before_engine_execution" time="0.090" /><testcase classname="tests.runtime.resolution.test_backtest_resolution" name="test_default_production_registry_and_missing_bundle_capability_fail_closed" time="0.177" /><testcase classname="tests.runtime.resolution.test_backtest_resolution" name="test_semantic_run_identity_is_sensitive_only_to_semantic_inputs" time="0.572" /><testcase classname="tests.runtime.resolution.test_backtest_resolution" name="test_editable_unidentified_build_is_development_only_and_decision_grade_blocks" time="0.181" /><testcase classname="tests.runtime.resolution.test_backtest_resolution" name="test_profile_artifact_identity_and_bundle_coverage_are_verified" time="0.269" /><testcase classname="tests.runtime.resolution.test_backtest_resolution" name="test_registry_rejects_duplicate_plane_keys" time="0.002" /><testcase classname="tests.runtime.resolution.test_backtest_resolution_golden" name="test_backtest_request_profile_resolution_matches_canonical_golden" time="0.384" /><testcase classname="tests.runtime.resolution.test_execution_case_identity" name="test_semantic_run_uses_id_free_case_spec_not_final_case_hash" time="0.308" /><testcase classname="tests.runtime.resolution.test_execution_case_identity" name="test_semantic_spec_rejects_noncanonical_identity_text" time="0.044" /><testcase classname="tests.runtime.resolution.test_execution_case_identity" name="test_semantic_input_change_changes_semantic_run_and_final_case" time="0.527" /><testcase classname="tests.runtime.resolution.test_execution_case_identity" name="test_runner_validates_manifest_and_spec_instead_of_final_case_preimage" time="0.370" /><testcase classname="tests.runtime.resolution.test_execution_case_identity" name="test_cross_run_relabel_is_rejected_before_engine" time="0.543" /><testcase classname="tests.runtime.resolution.test_execution_case_identity" name="test_composer_rejects_wrong_target_digest" time="0.220" /><testcase classname="tests.runtime.resolution.test_execution_case_identity" name="test_composer_rejects_execution_policy_substitution" time="0.347" /><testcase classname="tests.runtime.resolution.test_execution_case_identity" name="test_runner_rejects_missing_manifest_before_engine" time="0.344" /><testcase classname="tests.runtime.resolution.test_execution_case_identity" name="test_composer_rejects_request_semantic_hash_mismatch" time="0.305" /><testcase classname="tests.runtime.resolution.test_execution_case_identity" name="test_composer_rejects_builder_supplied_manifest" time="0.345" /><testcase classname="tests.runtime.resolution.test_execution_case_identity" name="test_composer_rejects_stateful_semantic_spec" time="0.392" /><testcase classname="tests.runtime.resolution.test_execution_case_identity" name="test_composer_rejects_identity_plan_without_exact_coverage" time="0.177" /><testcase classname="tests.runtime.resolution.test_execution_case_identity" name="test_runner_rejects_identity_role_swap_before_engine" time="0.354" /><testcase classname="tests.runtime.resolution.test_execution_case_identity" name="test_independent_recomposition_and_attempts_preserve_ids" time="0.724" /><testcase classname="tests.runtime.resolution.test_execution_case_identity" name="test_derived_identity_changes_no_economic_values" time="0.461" /><testcase classname="tests.runtime.resolution.test_execution_case_identity" name="test_identity_plan_changes_semantic_identity" time="0.044" /><testcase classname="tests.runtime.resolution.test_execution_case_identity" name="test_duplicate_domain_identity_coordinates_are_rejected" time="0.042" /><testcase classname="tests.runtime.resolution.test_execution_case_identity" name="test_runner_rejects_slippage_parameter_substitution_before_engine" time="0.345" /><testcase classname="tests.runtime.resolution.test_execution_case_identity" name="test_runner_rejects_order_parent_substitution_before_engine" time="0.343" /><testcase classname="tests.runtime.resolution.test_execution_case_identity_golden" name="test_pre_id_execution_case_identity_matches_static_golden" time="0.992" /><testcase classname="tests.runtime.run_end.test_run_end_coordinator" name="test_mark_to_market_preserves_positions_and_reports_run_end_evidence" time="0.156" /><testcase classname="tests.runtime.run_end.test_run_end_coordinator" name="test_input_order_does_not_change_run_end_report" time="0.161" /><testcase classname="tests.runtime.run_end.test_run_end_coordinator" name="test_incomplete_timeline_or_boundary_event_terminates_before_policy" time="0.313" /><testcase classname="tests.runtime.run_end.test_run_end_coordinator" name="test_closeout_failure_mismatch_and_incomplete_liquidation_terminate" time="0.466" /><testcase classname="tests.runtime.run_end.test_run_end_coordinator" name="test_snapshot_and_reservation_cursor_context_must_match" time="0.159" /><testcase classname="tests.runtime.run_end.test_run_end_coordinator" name="test_liquidation_completion_requires_no_positions_orders_reservations_or_fees" time="0.158" /><testcase classname="tests.runtime.run_end.test_run_end_golden" name="test_run_end_report_matches_canonical_golden" time="0.168" /><testcase classname="tests.runtime.runner.test_auditable_runner" name="test_success_is_ready_to_finalize_and_preserves_exact_engine_result" time="0.607" /><testcase classname="tests.runtime.runner.test_auditable_runner" name="test_engine_failure_mapping_is_explicit_exhaustive_and_origin_aware" time="0.000" /><testcase classname="tests.runtime.runner.test_auditable_runner" name="test_input_validation_engine_failure_and_cancellation_are_nominally_distinct" time="0.863" /><testcase classname="tests.runtime.runner.test_auditable_runner" name="test_origin_mismatch_fails_before_engine_and_exception_message_is_not_canonical" time="0.690" /><testcase classname="tests.runtime.runner.test_auditable_runner" name="test_retry_creates_child_attempt_and_reinvokes_the_same_initial_case" time="0.637" /><testcase classname="tests.runtime.runner.test_auditable_runner" name="test_attempt_identity_rejects_wrong_semantic_run" time="0.521" /><testcase classname="tests.runtime.runner.test_auditable_runner_golden" name="test_auditable_runner_outcome_mapping_matches_static_golden" time="0.903" /><testcase classname="tests.runtime.slippage.test_deterministic_slippage" name="test_buy_and_sell_apply_exact_signed_bps_without_changing_reference" time="0.001" /><testcase classname="tests.runtime.slippage.test_deterministic_slippage" name="test_bps_scale_and_rounding_are_explicit_integer_arithmetic" time="0.001" /><testcase classname="tests.runtime.slippage.test_deterministic_slippage" name="test_out_of_envelope_returns_structured_violation" time="0.001" /><testcase classname="tests.runtime.slippage.test_deterministic_slippage" name="test_decision_recomputes_amount_and_nonpositive_execution_fails_structured" time="0.001" /><testcase classname="tests.runtime.slippage.test_deterministic_slippage" name="test_request_rejects_future_market_state_and_identity_mismatch" time="0.000" /><testcase classname="tests.runtime.slippage.test_deterministic_slippage" name="test_zero_slippage_requires_explicit_development_component_and_limitation" time="0.001" /><testcase classname="tests.runtime.slippage.test_deterministic_slippage" name="test_config_and_evidence_values_fail_closed" time="0.000" /><testcase classname="tests.runtime.slippage.test_deterministic_slippage" name="test_request_and_model_shapes_cannot_read_future_bar_fields" time="0.000" /><testcase classname="tests.runtime.slippage.test_deterministic_slippage_golden" name="test_deterministic_slippage_matches_canonical_golden" time="0.003" /><testcase classname="tests.runtime.target_stream.test_precomputed_target_stream" name="test_stream_digest_and_active_batch_are_input_order_independent" time="0.003" /><testcase classname="tests.runtime.target_stream.test_precomputed_target_stream" name="test_malformed_envelope_is_input_decode_failure_not_validation_failure" time="0.001" /><testcase classname="tests.runtime.target_stream.test_precomputed_target_stream" name="test_decoded_candidate_validation_failure_is_preserved" time="0.001" /><testcase classname="tests.runtime.target_stream.test_precomputed_target_stream" name="test_missing_active_event_is_atomic_batch_failure" time="0.001" /><testcase classname="tests.runtime.target_stream.test_precomputed_target_stream" name="test_warmup_validates_then_suppresses_without_state_or_batch" time="0.001" /><testcase classname="tests.runtime.target_stream.test_precomputed_target_stream" name="test_mixed_segment_and_unexpected_event_fail_closed" time="0.002" /><testcase classname="tests.runtime.target_stream.test_precomputed_target_stream" name="test_schedule_rejects_untrusted_context_mismatch" time="0.000" /><testcase classname="tests.runtime.target_stream.test_precomputed_target_stream" name="test_wrong_stream_semantics_are_structured_decode_failures" time="0.001" /><testcase classname="tests.runtime.target_stream.test_precomputed_target_stream_golden" name="test_precomputed_target_stream_matches_canonical_golden" time="0.003" /><testcase classname="tests.runtime.timeline.test_deterministic_timeline" name="test_merge_is_order_independent_and_preserves_window_boundaries" time="0.004" /><testcase classname="tests.runtime.timeline.test_deterministic_timeline" name="test_cursor_is_immediately_complete_when_first_event_is_end_exclusive" time="0.001" /><testcase classname="tests.runtime.timeline.test_deterministic_timeline" name="test_prefix_resume_with_a_different_output_batch_size_is_exact" time="0.002" /><testcase classname="tests.runtime.timeline.test_deterministic_timeline" name="test_window_and_stream_selection_fail_closed" time="0.002" /><testcase classname="tests.runtime.timeline.test_deterministic_timeline" name="test_missing_stream_preserves_input_validation_failure" time="0.001" /><testcase classname="tests.runtime.timeline.test_deterministic_timeline" name="test_duplicate_global_ordering_key_fails_closed" time="0.001" /><testcase classname="tests.runtime.timeline.test_deterministic_timeline" name="test_reader_event_without_typed_source_sequence_fails_closed" time="0.001" /><testcase classname="tests.runtime.timeline.test_deterministic_timeline" name="test_reader_order_regression_fails_closed" time="0.001" /><testcase classname="tests.runtime.timeline.test_deterministic_timeline" name="test_cursor_from_another_window_is_rejected" time="0.001" /><testcase classname="tests.runtime.timeline.test_deterministic_timeline" name="test_timeline_does_not_read_wall_clock" time="0.001" /><testcase classname="tests.runtime.timeline.test_deterministic_timeline_golden" name="test_deterministic_timeline_matches_canonical_golden" time="0.006" /><testcase classname="tests.support.synthetic_market.test_synthetic_cash_profile" name="test_default_registry_rejects_the_development_profile" time="0.000" /><testcase classname="tests.support.synthetic_market.test_synthetic_cash_profile" name="test_unknown_profile_fails_without_fallback" time="0.000" /><testcase classname="tests.support.synthetic_market.test_synthetic_cash_profile" name="test_profile_is_explicitly_development_only_and_not_deployment_authorized" time="0.001" /><testcase classname="tests.support.synthetic_market.test_synthetic_cash_profile" name="test_market_profile_exactly_implements_all_kernel_ports" time="0.001" /><testcase classname="tests.support.synthetic_market.test_synthetic_cash_profile" name="test_simulation_profile_exactly_implements_all_simulation_ports" time="0.001" /><testcase classname="tests.support.synthetic_market.test_synthetic_cash_profile" name="test_offline_factories_are_stable_and_use_the_resolved_profile" time="0.092" /><testcase classname="tests.support.synthetic_market.test_synthetic_cash_profile" name="test_production_packages_have_no_synthetic_profile_branch" time="0.002" /><testcase classname="tests.support.synthetic_market.test_synthetic_cash_profile_golden" name="test_synthetic_cash_profile_matches_static_golden_artifact" time="0.048" /></testsuite></testsuites>